c:\users\josh\desktop\programming 1\lab 5\project1\project1\release\vc141.pdb
c:\users\josh\desktop\programming 1\lab 5\project1\project1\release\flamingorun.obj
c:\users\josh\desktop\programming 1\lab 5\project1\project1\release\ctexturemgr.obj
c:\users\josh\desktop\programming 1\lab 5\project1\project1\release\ctexture.obj
c:\users\josh\desktop\programming 1\lab 5\project1\project1\release\csprite.obj
c:\users\josh\desktop\programming 1\lab 5\project1\project1\release\csoundmgr.obj
c:\users\josh\desktop\programming 1\lab 5\project1\project1\release\csound.obj
c:\users\josh\desktop\programming 1\lab 5\project1\project1\release\csdl2wndmanager.obj
c:\users\josh\desktop\programming 1\lab 5\project1\project1\release\cscoremanager.obj
c:\users\josh\desktop\programming 1\lab 5\project1\project1\release\cplayercontroller.obj
c:\users\josh\desktop\programming 1\lab 5\project1\project1\release\cobstaclemanager.obj
c:\users\josh\desktop\programming 1\lab 5\project1\project1\release\cmenumanager.obj
c:\users\josh\desktop\programming 1\lab 5\project1\project1\release\cinput.obj
c:\users\josh\desktop\programming 1\lab 5\project1\project1\release\cgamestuver.obj
c:\users\josh\desktop\programming 1\lab 5\project1\project1\release\cfontmgr.obj
c:\users\josh\desktop\programming 1\lab 5\project1\project1\release\cfont.obj
c:\users\josh\desktop\programming 1\lab 5\project1\project1\release\ccontinuousfloor.obj
c:\users\josh\desktop\programming 1\lab 5\project1\project1\release\cbkground.obj
c:\users\josh\desktop\programming 1\lab 5\project1\project1\release\canimatedsprite.obj
c:\users\josh\desktop\programming 1\lab 5\project1\release\project1.exe
c:\users\josh\desktop\programming 1\lab 5\project1\release\project1.pdb
c:\users\josh\desktop\programming 1\lab 5\project1\release\project1.ipdb
c:\users\josh\desktop\programming 1\lab 5\project1\release\project1.iobj
c:\users\josh\desktop\programming 1\lab 5\project1\project1\release\project1.tlog\cl.command.1.tlog
c:\users\josh\desktop\programming 1\lab 5\project1\project1\release\project1.tlog\cl.read.1.tlog
c:\users\josh\desktop\programming 1\lab 5\project1\project1\release\project1.tlog\cl.write.1.tlog
c:\users\josh\desktop\programming 1\lab 5\project1\project1\release\project1.tlog\link.command.1.tlog
c:\users\josh\desktop\programming 1\lab 5\project1\project1\release\project1.tlog\link.read.1.tlog
c:\users\josh\desktop\programming 1\lab 5\project1\project1\release\project1.tlog\link.write.1.tlog
c:\users\josh\desktop\programming 1\lab 5\project1\project1\release\project1.tlog\project1.write.1u.tlog
