c:\users\josh\desktop\programming 1\lab 5\project1\project1\debug\vc141.pdb
c:\users\josh\desktop\programming 1\lab 5\project1\project1\debug\vc141.idb
c:\users\josh\desktop\programming 1\lab 5\project1\project1\debug\flamingorun.obj
c:\users\josh\desktop\programming 1\lab 5\project1\project1\debug\ctexturemgr.obj
c:\users\josh\desktop\programming 1\lab 5\project1\project1\debug\ctexture.obj
c:\users\josh\desktop\programming 1\lab 5\project1\project1\debug\csprite.obj
c:\users\josh\desktop\programming 1\lab 5\project1\project1\debug\csoundmgr.obj
c:\users\josh\desktop\programming 1\lab 5\project1\project1\debug\csound.obj
c:\users\josh\desktop\programming 1\lab 5\project1\project1\debug\csdl2wndmanager.obj
c:\users\josh\desktop\programming 1\lab 5\project1\project1\debug\cscoremanager.obj
c:\users\josh\desktop\programming 1\lab 5\project1\project1\debug\cplayercontroller.obj
c:\users\josh\desktop\programming 1\lab 5\project1\project1\debug\cobstaclemanager.obj
c:\users\josh\desktop\programming 1\lab 5\project1\project1\debug\cmenumanager.obj
c:\users\josh\desktop\programming 1\lab 5\project1\project1\debug\cinput.obj
c:\users\josh\desktop\programming 1\lab 5\project1\project1\debug\cgamestuver.obj
c:\users\josh\desktop\programming 1\lab 5\project1\project1\debug\cfontmgr.obj
c:\users\josh\desktop\programming 1\lab 5\project1\project1\debug\cfont.obj
c:\users\josh\desktop\programming 1\lab 5\project1\project1\debug\ccontinuousfloor.obj
c:\users\josh\desktop\programming 1\lab 5\project1\project1\debug\cbkground.obj
c:\users\josh\desktop\programming 1\lab 5\project1\project1\debug\canimatedsprite.obj
c:\users\josh\desktop\programming 1\lab 5\project1\debug\project1.pdb
c:\users\josh\desktop\programming 1\lab 5\project1\project1\debug\project1.tlog\cl.command.1.tlog
c:\users\josh\desktop\programming 1\lab 5\project1\project1\debug\project1.tlog\cl.read.1.tlog
c:\users\josh\desktop\programming 1\lab 5\project1\project1\debug\project1.tlog\cl.write.1.tlog
c:\users\josh\desktop\programming 1\lab 5\project1\project1\debug\project1.tlog\link-cvtres.read.1.tlog
c:\users\josh\desktop\programming 1\lab 5\project1\project1\debug\project1.tlog\link-cvtres.write.1.tlog
c:\users\josh\desktop\programming 1\lab 5\project1\project1\debug\project1.tlog\link-rc.read.1.tlog
c:\users\josh\desktop\programming 1\lab 5\project1\project1\debug\project1.tlog\link-rc.write.1.tlog
c:\users\josh\desktop\programming 1\lab 5\project1\project1\debug\project1.tlog\link.command.1.tlog
c:\users\josh\desktop\programming 1\lab 5\project1\project1\debug\project1.tlog\link.read.1.tlog
c:\users\josh\desktop\programming 1\lab 5\project1\project1\debug\project1.tlog\link.write.1.tlog
